  Project.cpp
D:\VisualStudio2019\ООП-Л\Course Project\Library\Library\doctest.h(4708,9): warning C4566: character represented by universal-character-name '\u041E' cannot be represented in the current code page (1252)
D:\VisualStudio2019\ООП-Л\Course Project\Library\Library\doctest.h(4708,9): warning C4566: character represented by universal-character-name '\u041F' cannot be represented in the current code page (1252)
D:\VisualStudio2019\ООП-Л\Course Project\Library\Library\doctest.h(4708,9): warning C4566: character represented by universal-character-name '\u041B' cannot be represented in the current code page (1252)
D:\VisualStudio2019\ООП-Л\Course Project\Library\Library\doctest.h(4721,9): warning C4566: character represented by universal-character-name '\u041E' cannot be represented in the current code page (1252)
D:\VisualStudio2019\ООП-Л\Course Project\Library\Library\doctest.h(4721,9): warning C4566: character represented by universal-character-name '\u041F' cannot be represented in the current code page (1252)
D:\VisualStudio2019\ООП-Л\Course Project\Library\Library\doctest.h(4721,9): warning C4566: character represented by universal-character-name '\u041B' cannot be represented in the current code page (1252)
D:\VisualStudio2019\ООП-Л\Course Project\Library\Library\Testing.h(7,1): warning C4566: character represented by universal-character-name '\u041E' cannot be represented in the current code page (1252)
D:\VisualStudio2019\ООП-Л\Course Project\Library\Library\Testing.h(7,1): warning C4566: character represented by universal-character-name '\u041F' cannot be represented in the current code page (1252)
D:\VisualStudio2019\ООП-Л\Course Project\Library\Library\Testing.h(7,1): warning C4566: character represented by universal-character-name '\u041B' cannot be represented in the current code page (1252)
D:\VisualStudio2019\ООП-Л\Course Project\Library\Library\Testing.h(9,5): warning C4566: character represented by universal-character-name '\u041E' cannot be represented in the current code page (1252)
D:\VisualStudio2019\ООП-Л\Course Project\Library\Library\Testing.h(9,5): warning C4566: character represented by universal-character-name '\u041F' cannot be represented in the current code page (1252)
D:\VisualStudio2019\ООП-Л\Course Project\Library\Library\Testing.h(9,5): warning C4566: character represented by universal-character-name '\u041B' cannot be represented in the current code page (1252)
D:\VisualStudio2019\ООП-Л\Course Project\Library\Library\Testing.h(11,5): warning C4566: character represented by universal-character-name '\u041E' cannot be represented in the current code page (1252)
D:\VisualStudio2019\ООП-Л\Course Project\Library\Library\Testing.h(11,5): warning C4566: character represented by universal-character-name '\u041F' cannot be represented in the current code page (1252)
D:\VisualStudio2019\ООП-Л\Course Project\Library\Library\Testing.h(11,5): warning C4566: character represented by universal-character-name '\u041B' cannot be represented in the current code page (1252)
D:\VisualStudio2019\ООП-Л\Course Project\Library\Library\Testing.h(12,5): warning C4566: character represented by universal-character-name '\u041E' cannot be represented in the current code page (1252)
D:\VisualStudio2019\ООП-Л\Course Project\Library\Library\Testing.h(12,5): warning C4566: character represented by universal-character-name '\u041F' cannot be represented in the current code page (1252)
D:\VisualStudio2019\ООП-Л\Course Project\Library\Library\Testing.h(12,5): warning C4566: character represented by universal-character-name '\u041B' cannot be represented in the current code page (1252)
D:\VisualStudio2019\ООП-Л\Course Project\Library\Library\Testing.h(15,5): warning C4566: character represented by universal-character-name '\u041E' cannot be represented in the current code page (1252)
D:\VisualStudio2019\ООП-Л\Course Project\Library\Library\Testing.h(15,5): warning C4566: character represented by universal-character-name '\u041F' cannot be represented in the current code page (1252)
D:\VisualStudio2019\ООП-Л\Course Project\Library\Library\Testing.h(15,5): warning C4566: character represented by universal-character-name '\u041B' cannot be represented in the current code page (1252)
D:\VisualStudio2019\ООП-Л\Course Project\Library\Library\Testing.h(16,5): warning C4566: character represented by universal-character-name '\u041E' cannot be represented in the current code page (1252)
D:\VisualStudio2019\ООП-Л\Course Project\Library\Library\Testing.h(16,5): warning C4566: character represented by universal-character-name '\u041F' cannot be represented in the current code page (1252)
D:\VisualStudio2019\ООП-Л\Course Project\Library\Library\Testing.h(16,5): warning C4566: character represented by universal-character-name '\u041B' cannot be represented in the current code page (1252)
D:\VisualStudio2019\ООП-Л\Course Project\Library\Library\Testing.h(19,5): warning C4566: character represented by universal-character-name '\u041E' cannot be represented in the current code page (1252)
D:\VisualStudio2019\ООП-Л\Course Project\Library\Library\Testing.h(19,5): warning C4566: character represented by universal-character-name '\u041F' cannot be represented in the current code page (1252)
D:\VisualStudio2019\ООП-Л\Course Project\Library\Library\Testing.h(19,5): warning C4566: character represented by universal-character-name '\u041B' cannot be represented in the current code page (1252)
D:\VisualStudio2019\ООП-Л\Course Project\Library\Library\Testing.h(21,5): warning C4566: character represented by universal-character-name '\u041E' cannot be represented in the current code page (1252)
D:\VisualStudio2019\ООП-Л\Course Project\Library\Library\Testing.h(21,5): warning C4566: character represented by universal-character-name '\u041F' cannot be represented in the current code page (1252)
D:\VisualStudio2019\ООП-Л\Course Project\Library\Library\Testing.h(21,5): warning C4566: character represented by universal-character-name '\u041B' cannot be represented in the current code page (1252)
D:\VisualStudio2019\ООП-Л\Course Project\Library\Library\Testing.h(24,1): warning C4566: character represented by universal-character-name '\u041E' cannot be represented in the current code page (1252)
D:\VisualStudio2019\ООП-Л\Course Project\Library\Library\Testing.h(24,1): warning C4566: character represented by universal-character-name '\u041F' cannot be represented in the current code page (1252)
D:\VisualStudio2019\ООП-Л\Course Project\Library\Library\Testing.h(24,1): warning C4566: character represented by universal-character-name '\u041B' cannot be represented in the current code page (1252)
D:\VisualStudio2019\ООП-Л\Course Project\Library\Library\Testing.h(27,5): warning C4566: character represented by universal-character-name '\u041E' cannot be represented in the current code page (1252)
D:\VisualStudio2019\ООП-Л\Course Project\Library\Library\Testing.h(27,5): warning C4566: character represented by universal-character-name '\u041F' cannot be represented in the current code page (1252)
D:\VisualStudio2019\ООП-Л\Course Project\Library\Library\Testing.h(27,5): warning C4566: character represented by universal-character-name '\u041B' cannot be represented in the current code page (1252)
D:\VisualStudio2019\ООП-Л\Course Project\Library\Library\Testing.h(32,5): warning C4566: character represented by universal-character-name '\u041E' cannot be represented in the current code page (1252)
D:\VisualStudio2019\ООП-Л\Course Project\Library\Library\Testing.h(32,5): warning C4566: character represented by universal-character-name '\u041F' cannot be represented in the current code page (1252)
D:\VisualStudio2019\ООП-Л\Course Project\Library\Library\Testing.h(32,5): warning C4566: character represented by universal-character-name '\u041B' cannot be represented in the current code page (1252)
D:\VisualStudio2019\ООП-Л\Course Project\Library\Library\Testing.h(34,5): warning C4566: character represented by universal-character-name '\u041E' cannot be represented in the current code page (1252)
D:\VisualStudio2019\ООП-Л\Course Project\Library\Library\Testing.h(34,5): warning C4566: character represented by universal-character-name '\u041F' cannot be represented in the current code page (1252)
D:\VisualStudio2019\ООП-Л\Course Project\Library\Library\Testing.h(34,5): warning C4566: character represented by universal-character-name '\u041B' cannot be represented in the current code page (1252)
D:\VisualStudio2019\ООП-Л\Course Project\Library\Library\Testing.h(38,5): warning C4566: character represented by universal-character-name '\u041E' cannot be represented in the current code page (1252)
D:\VisualStudio2019\ООП-Л\Course Project\Library\Library\Testing.h(38,5): warning C4566: character represented by universal-character-name '\u041F' cannot be represented in the current code page (1252)
D:\VisualStudio2019\ООП-Л\Course Project\Library\Library\Testing.h(38,5): warning C4566: character represented by universal-character-name '\u041B' cannot be represented in the current code page (1252)
D:\VisualStudio2019\ООП-Л\Course Project\Library\Library\Testing.h(41,1): warning C4566: character represented by universal-character-name '\u041E' cannot be represented in the current code page (1252)
D:\VisualStudio2019\ООП-Л\Course Project\Library\Library\Testing.h(41,1): warning C4566: character represented by universal-character-name '\u041F' cannot be represented in the current code page (1252)
D:\VisualStudio2019\ООП-Л\Course Project\Library\Library\Testing.h(41,1): warning C4566: character represented by universal-character-name '\u041B' cannot be represented in the current code page (1252)
D:\VisualStudio2019\ООП-Л\Course Project\Library\Library\Testing.h(45,5): warning C4566: character represented by universal-character-name '\u041E' cannot be represented in the current code page (1252)
D:\VisualStudio2019\ООП-Л\Course Project\Library\Library\Testing.h(45,5): warning C4566: character represented by universal-character-name '\u041F' cannot be represented in the current code page (1252)
D:\VisualStudio2019\ООП-Л\Course Project\Library\Library\Testing.h(45,5): warning C4566: character represented by universal-character-name '\u041B' cannot be represented in the current code page (1252)
D:\VisualStudio2019\ООП-Л\Course Project\Library\Library\Testing.h(47,5): warning C4566: character represented by universal-character-name '\u041E' cannot be represented in the current code page (1252)
D:\VisualStudio2019\ООП-Л\Course Project\Library\Library\Testing.h(47,5): warning C4566: character represented by universal-character-name '\u041F' cannot be represented in the current code page (1252)
D:\VisualStudio2019\ООП-Л\Course Project\Library\Library\Testing.h(47,5): warning C4566: character represented by universal-character-name '\u041B' cannot be represented in the current code page (1252)
D:\VisualStudio2019\ООП-Л\Course Project\Library\Library\Testing.h(49,5): warning C4566: character represented by universal-character-name '\u041E' cannot be represented in the current code page (1252)
D:\VisualStudio2019\ООП-Л\Course Project\Library\Library\Testing.h(49,5): warning C4566: character represented by universal-character-name '\u041F' cannot be represented in the current code page (1252)
D:\VisualStudio2019\ООП-Л\Course Project\Library\Library\Testing.h(49,5): warning C4566: character represented by universal-character-name '\u041B' cannot be represented in the current code page (1252)
D:\VisualStudio2019\ООП-Л\Course Project\Library\Library\Testing.h(51,5): warning C4566: character represented by universal-character-name '\u041E' cannot be represented in the current code page (1252)
D:\VisualStudio2019\ООП-Л\Course Project\Library\Library\Testing.h(51,5): warning C4566: character represented by universal-character-name '\u041F' cannot be represented in the current code page (1252)
D:\VisualStudio2019\ООП-Л\Course Project\Library\Library\Testing.h(51,5): warning C4566: character represented by universal-character-name '\u041B' cannot be represented in the current code page (1252)
D:\VisualStudio2019\ООП-Л\Course Project\Library\Library\Testing.h(52,5): warning C4566: character represented by universal-character-name '\u041E' cannot be represented in the current code page (1252)
D:\VisualStudio2019\ООП-Л\Course Project\Library\Library\Testing.h(52,5): warning C4566: character represented by universal-character-name '\u041F' cannot be represented in the current code page (1252)
D:\VisualStudio2019\ООП-Л\Course Project\Library\Library\Testing.h(52,5): warning C4566: character represented by universal-character-name '\u041B' cannot be represented in the current code page (1252)
D:\VisualStudio2019\ООП-Л\Course Project\Library\Library\Testing.h(54,5): warning C4566: character represented by universal-character-name '\u041E' cannot be represented in the current code page (1252)
D:\VisualStudio2019\ООП-Л\Course Project\Library\Library\Testing.h(54,5): warning C4566: character represented by universal-character-name '\u041F' cannot be represented in the current code page (1252)
D:\VisualStudio2019\ООП-Л\Course Project\Library\Library\Testing.h(54,5): warning C4566: character represented by universal-character-name '\u041B' cannot be represented in the current code page (1252)
D:\VisualStudio2019\ООП-Л\Course Project\Library\Library\Testing.h(58,5): warning C4566: character represented by universal-character-name '\u041E' cannot be represented in the current code page (1252)
D:\VisualStudio2019\ООП-Л\Course Project\Library\Library\Testing.h(58,5): warning C4566: character represented by universal-character-name '\u041F' cannot be represented in the current code page (1252)
D:\VisualStudio2019\ООП-Л\Course Project\Library\Library\Testing.h(58,5): warning C4566: character represented by universal-character-name '\u041B' cannot be represented in the current code page (1252)
D:\VisualStudio2019\ООП-Л\Course Project\Library\Library\Testing.h(59,5): warning C4566: character represented by universal-character-name '\u041E' cannot be represented in the current code page (1252)
D:\VisualStudio2019\ООП-Л\Course Project\Library\Library\Testing.h(59,5): warning C4566: character represented by universal-character-name '\u041F' cannot be represented in the current code page (1252)
D:\VisualStudio2019\ООП-Л\Course Project\Library\Library\Testing.h(59,5): warning C4566: character represented by universal-character-name '\u041B' cannot be represented in the current code page (1252)
D:\VisualStudio2019\ООП-Л\Course Project\Library\Library\Testing.h(60,5): warning C4566: character represented by universal-character-name '\u041E' cannot be represented in the current code page (1252)
D:\VisualStudio2019\ООП-Л\Course Project\Library\Library\Testing.h(60,5): warning C4566: character represented by universal-character-name '\u041F' cannot be represented in the current code page (1252)
D:\VisualStudio2019\ООП-Л\Course Project\Library\Library\Testing.h(60,5): warning C4566: character represented by universal-character-name '\u041B' cannot be represented in the current code page (1252)
D:\VisualStudio2019\ООП-Л\Course Project\Library\Library\Testing.h(63,1): warning C4566: character represented by universal-character-name '\u041E' cannot be represented in the current code page (1252)
D:\VisualStudio2019\ООП-Л\Course Project\Library\Library\Testing.h(63,1): warning C4566: character represented by universal-character-name '\u041F' cannot be represented in the current code page (1252)
D:\VisualStudio2019\ООП-Л\Course Project\Library\Library\Testing.h(63,1): warning C4566: character represented by universal-character-name '\u041B' cannot be represented in the current code page (1252)
D:\VisualStudio2019\ООП-Л\Course Project\Library\Library\Testing.h(68,5): warning C4566: character represented by universal-character-name '\u041E' cannot be represented in the current code page (1252)
D:\VisualStudio2019\ООП-Л\Course Project\Library\Library\Testing.h(68,5): warning C4566: character represented by universal-character-name '\u041F' cannot be represented in the current code page (1252)
D:\VisualStudio2019\ООП-Л\Course Project\Library\Library\Testing.h(68,5): warning C4566: character represented by universal-character-name '\u041B' cannot be represented in the current code page (1252)
D:\VisualStudio2019\ООП-Л\Course Project\Library\Library\Testing.h(70,5): warning C4566: character represented by universal-character-name '\u041E' cannot be represented in the current code page (1252)
D:\VisualStudio2019\ООП-Л\Course Project\Library\Library\Testing.h(70,5): warning C4566: character represented by universal-character-name '\u041F' cannot be represented in the current code page (1252)
D:\VisualStudio2019\ООП-Л\Course Project\Library\Library\Testing.h(70,5): warning C4566: character represented by universal-character-name '\u041B' cannot be represented in the current code page (1252)
D:\VisualStudio2019\ООП-Л\Course Project\Library\Library\Testing.h(72,5): warning C4566: character represented by universal-character-name '\u041E' cannot be represented in the current code page (1252)
D:\VisualStudio2019\ООП-Л\Course Project\Library\Library\Testing.h(72,5): warning C4566: character represented by universal-character-name '\u041F' cannot be represented in the current code page (1252)
D:\VisualStudio2019\ООП-Л\Course Project\Library\Library\Testing.h(72,5): warning C4566: character represented by universal-character-name '\u041B' cannot be represented in the current code page (1252)
D:\VisualStudio2019\ООП-Л\Course Project\Library\Library\Testing.h(74,5): warning C4566: character represented by universal-character-name '\u041E' cannot be represented in the current code page (1252)
D:\VisualStudio2019\ООП-Л\Course Project\Library\Library\Testing.h(74,5): warning C4566: character represented by universal-character-name '\u041F' cannot be represented in the current code page (1252)
D:\VisualStudio2019\ООП-Л\Course Project\Library\Library\Testing.h(74,5): warning C4566: character represented by universal-character-name '\u041B' cannot be represented in the current code page (1252)
D:\VisualStudio2019\ООП-Л\Course Project\Library\Library\Testing.h(76,5): warning C4566: character represented by universal-character-name '\u041E' cannot be represented in the current code page (1252)
D:\VisualStudio2019\ООП-Л\Course Project\Library\Library\Testing.h(76,5): warning C4566: character represented by universal-character-name '\u041F' cannot be represented in the current code page (1252)
D:\VisualStudio2019\ООП-Л\Course Project\Library\Library\Testing.h(76,5): warning C4566: character represented by universal-character-name '\u041B' cannot be represented in the current code page (1252)
D:\VisualStudio2019\ООП-Л\Course Project\Library\Library\Testing.h(78,5): warning C4566: character represented by universal-character-name '\u041E' cannot be represented in the current code page (1252)
D:\VisualStudio2019\ООП-Л\Course Project\Library\Library\Testing.h(78,5): warning C4566: character represented by universal-character-name '\u041F' cannot be represented in the current code page (1252)
D:\VisualStudio2019\ООП-Л\Course Project\Library\Library\Testing.h(78,5): warning C4566: character represented by universal-character-name '\u041B' cannot be represented in the current code page (1252)
D:\VisualStudio2019\ООП-Л\Course Project\Library\Library\Testing.h(81,1): warning C4566: character represented by universal-character-name '\u041E' cannot be represented in the current code page (1252)
D:\VisualStudio2019\ООП-Л\Course Project\Library\Library\Testing.h(81,1): warning C4566: character represented by universal-character-name '\u041F' cannot be represented in the current code page (1252)
D:\VisualStudio2019\ООП-Л\Course Project\Library\Library\Testing.h(81,1): warning C4566: character represented by universal-character-name '\u041B' cannot be represented in the current code page (1252)
D:\VisualStudio2019\ООП-Л\Course Project\Library\Library\Testing.h(88,5): warning C4566: character represented by universal-character-name '\u041E' cannot be represented in the current code page (1252)
D:\VisualStudio2019\ООП-Л\Course Project\Library\Library\Testing.h(88,5): warning C4566: character represented by universal-character-name '\u041F' cannot be represented in the current code page (1252)
D:\VisualStudio2019\ООП-Л\Course Project\Library\Library\Testing.h(88,5): warning C4566: character represented by universal-character-name '\u041B' cannot be represented in the current code page (1252)
D:\VisualStudio2019\ООП-Л\Course Project\Library\Library\Testing.h(89,5): warning C4566: character represented by universal-character-name '\u041E' cannot be represented in the current code page (1252)
D:\VisualStudio2019\ООП-Л\Course Project\Library\Library\Testing.h(89,5): warning C4566: character represented by universal-character-name '\u041F' cannot be represented in the current code page (1252)
D:\VisualStudio2019\ООП-Л\Course Project\Library\Library\Testing.h(89,5): warning C4566: character represented by universal-character-name '\u041B' cannot be represented in the current code page (1252)
D:\VisualStudio2019\ООП-Л\Course Project\Library\Library\Testing.h(94,5): warning C4566: character represented by universal-character-name '\u041E' cannot be represented in the current code page (1252)
D:\VisualStudio2019\ООП-Л\Course Project\Library\Library\Testing.h(94,5): warning C4566: character represented by universal-character-name '\u041F' cannot be represented in the current code page (1252)
D:\VisualStudio2019\ООП-Л\Course Project\Library\Library\Testing.h(94,5): warning C4566: character represented by universal-character-name '\u041B' cannot be represented in the current code page (1252)
D:\VisualStudio2019\ООП-Л\Course Project\Library\Library\Testing.h(95,5): warning C4566: character represented by universal-character-name '\u041E' cannot be represented in the current code page (1252)
D:\VisualStudio2019\ООП-Л\Course Project\Library\Library\Testing.h(95,5): warning C4566: character represented by universal-character-name '\u041F' cannot be represented in the current code page (1252)
D:\VisualStudio2019\ООП-Л\Course Project\Library\Library\Testing.h(95,5): warning C4566: character represented by universal-character-name '\u041B' cannot be represented in the current code page (1252)
D:\VisualStudio2019\ООП-Л\Course Project\Library\Library\doctest.h(1238,9): warning C4805: '==': unsafe mix of type 'T' and type 'T' in operation
          with
          [
              T=bool
          ]
          and
          [
              T=int
          ]
D:\VisualStudio2019\ООП-Л\Course Project\Library\Library\Testing.h(12): message : see reference to function template instantiation 'doctest::detail::Result doctest::detail::Expression_lhs<bool>::operator ==<int>(R &&)' being compiled
          with
          [
              R=int
          ]
D:\VisualStudio2019\ООП-Л\Course Project\Library\Library\Testing.h(12): message : see reference to function template instantiation 'doctest::detail::Result doctest::detail::Expression_lhs<bool>::operator ==<int>(R &&)' being compiled
          with
          [
              R=int
          ]
  Library.vcxproj -> D:\VisualStudio2019\ООП-Л\Course Project\Library\Debug\Library.exe
